# JRE version: OpenJDK Runtime Environment Temurin-17.0.7+7 (17.0.7+7) (build 17.0.7+7)
# Java VM: OpenJDK 64-Bit Server VM Temurin-17.0.7+7 (17.0.7+7, mixed mode, tiered, compressed oops, compressed class ptrs, parallel gc, linux-amd64)
GC Precious Log:
 CPUs: 16 total, 16 available
 Memory: 15362M
 Large Page Support: Disabled
 NUMA Support: Disabled
 Compressed Oops: Enabled (32-bit)
 Alignments: Space 512K, Generation 512K, Heap 2M
 Heap Min Capacity: 100M
 Heap Initial Capacity: 100M
 Heap Max Capacity: 1G
 Pre-touch: Disabled
 Parallel Workers: 13
Heap:
 PSYoungGen      total 12288K, used 8437K [0x00000000eab00000, 0x00000000ebc80000, 0x0000000100000000)
  eden space 11264K, 68% used [0x00000000eab00000,0x00000000eb287098,0x00000000eb600000)
  from space 1024K, 71% used [0x00000000ebb80000,0x00000000ebc36498,0x00000000ebc80000)
  to   space 1024K, 0% used [0x00000000eba80000,0x00000000eba80000,0x00000000ebb80000)
 ParOldGen       total 99328K, used 66822K [0x00000000c0000000, 0x00000000c6100000, 0x00000000eab00000)
  object space 99328K, 67% used [0x00000000c0000000,0x00000000c4141820,0x00000000c6100000)
 Metaspace       used 99061K, committed 100352K, reserved 1179648K
  class space    used 9790K, committed 10304K, reserved 1048576K
GC Heap History (20 events):
Event: 10999.891 GC heap before
{Heap before GC invocations=4460 (full 257):
 PSYoungGen      total 3584K, used 3550K [0x00000000eab00000, 0x00000000ec100000, 0x0000000100000000)
  eden space 2048K, 100% used [0x00000000eab00000,0x00000000ead00000,0x00000000ead00000)
  from space 1536K, 97% used [0x00000000ebf80000,0x00000000ec0f7b60,0x00000000ec100000)
  to   space 7168K, 0% used [0x00000000eb300000,0x00000000eb300000,0x00000000eba00000)
 ParOldGen       total 99328K, used 55683K [0x00000000c0000000, 0x00000000c6100000, 0x00000000eab00000)
  object space 99328K, 56% used [0x00000000c0000000,0x00000000c3660e68,0x00000000c6100000)
 Metaspace       used 99053K, committed 100352K, reserved 1179648K
  class space    used 9788K, committed 10304K, reserved 1048576K
}
Event: 10999.893 GC heap after
{Heap after GC invocations=4460 (full 257):
 PSYoungGen      total 9216K, used 859K [0x00000000eab00000, 0x00000000ec000000, 0x0000000100000000)
  eden space 2048K, 0% used [0x00000000eab00000,0x00000000eab00000,0x00000000ead00000)
  from space 7168K, 11% used [0x00000000eb300000,0x00000000eb3d6f58,0x00000000eba00000)
  to   space 2048K, 0% used [0x00000000ebe00000,0x00000000ebe00000,0x00000000ec000000)
 ParOldGen       total 99328K, used 56922K [0x00000000c0000000, 0x00000000c6100000, 0x00000000eab00000)
  object space 99328K, 57% used [0x00000000c0000000,0x00000000c37969f8,0x00000000c6100000)
 Metaspace       used 99053K, committed 100352K, reserved 1179648K
  class space    used 9788K, committed 10304K, reserved 1048576K
}
Event: 10999.894 GC heap before
{Heap before GC invocations=4461 (full 257):
 PSYoungGen      total 9216K, used 2907K [0x00000000eab00000, 0x00000000ec000000, 0x0000000100000000)
  eden space 2048K, 100% used [0x00000000eab00000,0x00000000ead00000,0x00000000ead00000)
  from space 7168K, 11% used [0x00000000eb300000,0x00000000eb3d6f58,0x00000000eba00000)
  to   space 2048K, 0% used [0x00000000ebe00000,0x00000000ebe00000,0x00000000ec000000)
 ParOldGen       total 99328K, used 56922K [0x00000000c0000000, 0x00000000c6100000, 0x00000000eab00000)
  object space 99328K, 57% used [0x00000000c0000000,0x00000000c37969f8,0x00000000c6100000)
 Metaspace       used 99053K, committed 100352K, reserved 1179648K
  class space    used 9788K, committed 10304K, reserved 1048576K
}
Event: 10999.895 GC heap after
{Heap after GC invocations=4461 (full 257):
 PSYoungGen      total 4096K, used 1231K [0x00000000eab00000, 0x00000000ebf80000, 0x0000000100000000)
  eden space 2560K, 0% used [0x00000000eab00000,0x00000000eab00000,0x00000000ead80000)
  from space 1536K, 80% used [0x00000000ebe00000,0x00000000ebf33d30,0x00000000ebf80000)
  to   space 1536K, 0% used [0x00000000ebc80000,0x00000000ebc80000,0x00000000ebe00000)
 ParOldGen       total 99328K, used 57661K [0x00000000c0000000, 0x00000000c6100000, 0x00000000eab00000)
  object space 99328K, 58% used [0x00000000c0000000,0x00000000c384f738,0x00000000c6100000)
 Metaspace       used 99053K, committed 100352K, reserved 1179648K
  class space    used 9788K, committed 10304K, reserved 1048576K
}
Event: 10999.896 GC heap before
{Heap before GC invocations=4462 (full 257):
 PSYoungGen      total 4096K, used 3791K [0x00000000eab00000, 0x00000000ebf80000, 0x0000000100000000)
  eden space 2560K, 100% used [0x00000000eab00000,0x00000000ead80000,0x00000000ead80000)
  from space 1536K, 80% used [0x00000000ebe00000,0x00000000ebf33d30,0x00000000ebf80000)
  to   space 1536K, 0% used [0x00000000ebc80000,0x00000000ebc80000,0x00000000ebe00000)
 ParOldGen       total 99328K, used 57661K [0x00000000c0000000, 0x00000000c6100000, 0x00000000eab00000)
  object space 99328K, 58% used [0x00000000c0000000,0x00000000c384f738,0x00000000c6100000)
 Metaspace       used 99053K, committed 100352K, reserved 1179648K
  class space    used 9788K, committed 10304K, reserved 1048576K
}
Event: 10999.898 GC heap after
{Heap after GC invocations=4462 (full 257):
 PSYoungGen      total 4608K, used 1468K [0x00000000eab00000, 0x00000000ebe80000, 0x0000000100000000)
  eden space 3072K, 0% used [0x00000000eab00000,0x00000000eab00000,0x00000000eae00000)
  from space 1536K, 95% used [0x00000000ebc80000,0x00000000ebdef318,0x00000000ebe00000)
  to   space 512K, 0% used [0x00000000ebe00000,0x00000000ebe00000,0x00000000ebe80000)
 ParOldGen       total 99328K, used 58646K [0x00000000c0000000, 0x00000000c6100000, 0x00000000eab00000)
  object space 99328K, 59% used [0x00000000c0000000,0x00000000c3945be8,0x00000000c6100000)
 Metaspace       used 99053K, committed 100352K, reserved 1179648K
  class space    used 9788K, committed 10304K, reserved 1048576K
}
Event: 10999.899 GC heap before
{Heap before GC invocations=4463 (full 257):
 PSYoungGen      total 4608K, used 4540K [0x00000000eab00000, 0x00000000ebe80000, 0x0000000100000000)
  eden space 3072K, 100% used [0x00000000eab00000,0x00000000eae00000,0x00000000eae00000)
  from space 1536K, 95% used [0x00000000ebc80000,0x00000000ebdef318,0x00000000ebe00000)
  to   space 512K, 0% used [0x00000000ebe00000,0x00000000ebe00000,0x00000000ebe80000)
 ParOldGen       total 99328K, used 58646K [0x00000000c0000000, 0x00000000c6100000, 0x00000000eab00000)
  object space 99328K, 59% used [0x00000000c0000000,0x00000000c3945be8,0x00000000c6100000)
 Metaspace       used 99053K, committed 100352K, reserved 1179648K
  class space    used 9788K, committed 10304K, reserved 1048576K
}
Event: 10999.900 GC heap after
{Heap after GC invocations=4463 (full 257):
 PSYoungGen      total 4608K, used 481K [0x00000000eab00000, 0x00000000ebe80000, 0x0000000100000000)
  eden space 4096K, 0% used [0x00000000eab00000,0x00000000eab00000,0x00000000eaf00000)
  from space 512K, 93% used [0x00000000ebe00000,0x00000000ebe78488,0x00000000ebe80000)
  to   space 2560K, 0% used [0x00000000eb980000,0x00000000eb980000,0x00000000ebc00000)
 ParOldGen       total 99328K, used 60370K [0x00000000c0000000, 0x00000000c6100000, 0x00000000eab00000)
  object space 99328K, 60% used [0x00000000c0000000,0x00000000c3af48c0,0x00000000c6100000)
 Metaspace       used 99053K, committed 100352K, reserved 1179648K
  class space    used 9788K, committed 10304K, reserved 1048576K
}
Event: 10999.903 GC heap before
{Heap before GC invocations=4464 (full 257):
 PSYoungGen      total 4608K, used 4577K [0x00000000eab00000, 0x00000000ebe80000, 0x0000000100000000)
  eden space 4096K, 100% used [0x00000000eab00000,0x00000000eaf00000,0x00000000eaf00000)
  from space 512K, 93% used [0x00000000ebe00000,0x00000000ebe78488,0x00000000ebe80000)
  to   space 2560K, 0% used [0x00000000eb980000,0x00000000eb980000,0x00000000ebc00000)
 ParOldGen       total 99328K, used 60370K [0x00000000c0000000, 0x00000000c6100000, 0x00000000eab00000)
  object space 99328K, 60% used [0x00000000c0000000,0x00000000c3af48c0,0x00000000c6100000)
 Metaspace       used 99053K, committed 100352K, reserved 1179648K
  class space    used 9788K, committed 10304K, reserved 1048576K
}
Event: 10999.904 GC heap after
{Heap after GC invocations=4464 (full 257):
 PSYoungGen      total 7680K, used 1634K [0x00000000eab00000, 0x00000000ebe80000, 0x0000000100000000)
  eden space 5120K, 0% used [0x00000000eab00000,0x00000000eab00000,0x00000000eb000000)
  from space 2560K, 63% used [0x00000000eb980000,0x00000000ebb18810,0x00000000ebc00000)
  to   space 2048K, 0% used [0x00000000ebc80000,0x00000000ebc80000,0x00000000ebe80000)
 ParOldGen       total 99328K, used 60760K [0x00000000c0000000, 0x00000000c6100000, 0x00000000eab00000)
  object space 99328K, 61% used [0x00000000c0000000,0x00000000c3b56310,0x00000000c6100000)
 Metaspace       used 99053K, committed 100352K, reserved 1179648K
  class space    used 9788K, committed 10304K, reserved 1048576K
}
Event: 10999.906 GC heap before
{Heap before GC invocations=4465 (full 257):
 PSYoungGen      total 7680K, used 6754K [0x00000000eab00000, 0x00000000ebe80000, 0x0000000100000000)
  eden space 5120K, 100% used [0x00000000eab00000,0x00000000eb000000,0x00000000eb000000)
  from space 2560K, 63% used [0x00000000eb980000,0x00000000ebb18810,0x00000000ebc00000)
  to   space 2048K, 0% used [0x00000000ebc80000,0x00000000ebc80000,0x00000000ebe80000)
 ParOldGen       total 99328K, used 60760K [0x00000000c0000000, 0x00000000c6100000, 0x00000000eab00000)
  object space 99328K, 61% used [0x00000000c0000000,0x00000000c3b56310,0x00000000c6100000)
 Metaspace       used 99053K, committed 100352K, reserved 1179648K
  class space    used 9788K, committed 10304K, reserved 1048576K
}
Event: 10999.908 GC heap after
{Heap after GC invocations=4465 (full 257):
 PSYoungGen      total 8192K, used 1978K [0x00000000eab00000, 0x00000000ebe80000, 0x0000000100000000)
  eden space 6144K, 0% used [0x00000000eab00000,0x00000000eab00000,0x00000000eb100000)
  from space 2048K, 96% used [0x00000000ebc80000,0x00000000ebe6e900,0x00000000ebe80000)
  to   space 2048K, 0% used [0x00000000eba80000,0x00000000eba80000,0x00000000ebc80000)
 ParOldGen       total 99328K, used 62233K [0x00000000c0000000, 0x00000000c6100000, 0x00000000eab00000)
  object space 99328K, 62% used [0x00000000c0000000,0x00000000c3cc6670,0x00000000c6100000)
 Metaspace       used 99053K, committed 100352K, reserved 1179648K
  class space    used 9788K, committed 10304K, reserved 1048576K
}
Event: 10999.912 GC heap before
{Heap before GC invocations=4466 (full 257):
 PSYoungGen      total 8192K, used 8122K [0x00000000eab00000, 0x00000000ebe80000, 0x0000000100000000)
  eden space 6144K, 100% used [0x00000000eab00000,0x00000000eb100000,0x00000000eb100000)
  from space 2048K, 96% used [0x00000000ebc80000,0x00000000ebe6e900,0x00000000ebe80000)
  to   space 2048K, 0% used [0x00000000eba80000,0x00000000eba80000,0x00000000ebc80000)
 ParOldGen       total 99328K, used 62233K [0x00000000c0000000, 0x00000000c6100000, 0x00000000eab00000)
  object space 99328K, 62% used [0x00000000c0000000,0x00000000c3cc6670,0x00000000c6100000)
 Metaspace       used 99053K, committed 100352K, reserved 1179648K
  class space    used 9788K, committed 10304K, reserved 1048576K
}
Event: 10999.914 GC heap after
{Heap after GC invocations=4466 (full 257):
 PSYoungGen      total 9728K, used 2032K [0x00000000eab00000, 0x00000000ebd00000, 0x0000000100000000)
  eden space 7680K, 0% used [0x00000000eab00000,0x00000000eab00000,0x00000000eb280000)
  from space 2048K, 99% used [0x00000000eba80000,0x00000000ebc7c010,0x00000000ebc80000)
  to   space 512K, 0% used [0x00000000ebc80000,0x00000000ebc80000,0x00000000ebd00000)
 ParOldGen       total 99328K, used 64180K [0x00000000c0000000, 0x00000000c6100000, 0x00000000eab00000)
  object space 99328K, 64% used [0x00000000c0000000,0x00000000c3ead360,0x00000000c6100000)
 Metaspace       used 99053K, committed 100352K, reserved 1179648K
  class space    used 9788K, committed 10304K, reserved 1048576K
}
Event: 10999.926 GC heap before
{Heap before GC invocations=4467 (full 257):
 PSYoungGen      total 9728K, used 9712K [0x00000000eab00000, 0x00000000ebd00000, 0x0000000100000000)
  eden space 7680K, 100% used [0x00000000eab00000,0x00000000eb280000,0x00000000eb280000)
  from space 2048K, 99% used [0x00000000eba80000,0x00000000ebc7c010,0x00000000ebc80000)
  to   space 512K, 0% used [0x00000000ebc80000,0x00000000ebc80000,0x00000000ebd00000)
 ParOldGen       total 99328K, used 64180K [0x00000000c0000000, 0x00000000c6100000, 0x00000000eab00000)
  object space 99328K, 64% used [0x00000000c0000000,0x00000000c3ead360,0x00000000c6100000)
 Metaspace       used 99053K, committed 100352K, reserved 1179648K
  class space    used 9788K, committed 10304K, reserved 1048576K
}
Event: 10999.927 GC heap after
{Heap after GC invocations=4467 (full 257):
 PSYoungGen      total 9728K, used 512K [0x00000000eab00000, 0x00000000ebd00000, 0x0000000100000000)
  eden space 9216K, 0% used [0x00000000eab00000,0x00000000eab00000,0x00000000eb400000)
  from space 512K, 100% used [0x00000000ebc80000,0x00000000ebd00000,0x00000000ebd00000)
  to   space 3072K, 0% used [0x00000000eb700000,0x00000000eb700000,0x00000000eba00000)
 ParOldGen       total 99328K, used 66218K [0x00000000c0000000, 0x00000000c6100000, 0x00000000eab00000)
  object space 99328K, 66% used [0x00000000c0000000,0x00000000c40aa800,0x00000000c6100000)
 Metaspace       used 99053K, committed 100352K, reserved 1179648K
  class space    used 9788K, committed 10304K, reserved 1048576K
}
Event: 11001.209 GC heap before
{Heap before GC invocations=4468 (full 257):
 PSYoungGen      total 9728K, used 9675K [0x00000000eab00000, 0x00000000ebd00000, 0x0000000100000000)
  eden space 9216K, 99% used [0x00000000eab00000,0x00000000eb3f2cc8,0x00000000eb400000)
  from space 512K, 100% used [0x00000000ebc80000,0x00000000ebd00000,0x00000000ebd00000)
  to   space 3072K, 0% used [0x00000000eb700000,0x00000000eb700000,0x00000000eba00000)
 ParOldGen       total 99328K, used 66218K [0x00000000c0000000, 0x00000000c6100000, 0x00000000eab00000)
  object space 99328K, 66% used [0x00000000c0000000,0x00000000c40aa800,0x00000000c6100000)
 Metaspace       used 99053K, committed 100352K, reserved 1179648K
  class space    used 9788K, committed 10304K, reserved 1048576K
}
Event: 11001.210 GC heap after
{Heap after GC invocations=4468 (full 257):
 PSYoungGen      total 14336K, used 623K [0x00000000eab00000, 0x00000000ebd00000, 0x0000000100000000)
  eden space 11264K, 0% used [0x00000000eab00000,0x00000000eab00000,0x00000000eb600000)
  from space 3072K, 20% used [0x00000000eb700000,0x00000000eb79be50,0x00000000eba00000)
  to   space 1536K, 0% used [0x00000000ebb80000,0x00000000ebb80000,0x00000000ebd00000)
 ParOldGen       total 99328K, used 66758K [0x00000000c0000000, 0x00000000c6100000, 0x00000000eab00000)
  object space 99328K, 67% used [0x00000000c0000000,0x00000000c4131820,0x00000000c6100000)
 Metaspace       used 99053K, committed 100352K, reserved 1179648K
  class space    used 9788K, committed 10304K, reserved 1048576K
}
Event: 11002.153 GC heap before
{Heap before GC invocations=4469 (full 257):
 PSYoungGen      total 14336K, used 11859K [0x00000000eab00000, 0x00000000ebd00000, 0x0000000100000000)
  eden space 11264K, 99% used [0x00000000eab00000,0x00000000eb5f90c8,0x00000000eb600000)
  from space 3072K, 20% used [0x00000000eb700000,0x00000000eb79be50,0x00000000eba00000)
  to   space 1536K, 0% used [0x00000000ebb80000,0x00000000ebb80000,0x00000000ebd00000)
 ParOldGen       total 99328K, used 66758K [0x00000000c0000000, 0x00000000c6100000, 0x00000000eab00000)
  object space 99328K, 67% used [0x00000000c0000000,0x00000000c4131820,0x00000000c6100000)
 Metaspace       used 99054K, committed 100352K, reserved 1179648K
  class space    used 9788K, committed 10304K, reserved 1048576K
}
Event: 11002.154 GC heap after
{Heap after GC invocations=4469 (full 257):
 PSYoungGen      total 12288K, used 729K [0x00000000eab00000, 0x00000000ebc80000, 0x0000000100000000)
  eden space 11264K, 0% used [0x00000000eab00000,0x00000000eab00000,0x00000000eb600000)
  from space 1024K, 71% used [0x00000000ebb80000,0x00000000ebc36498,0x00000000ebc80000)
  to   space 1024K, 0% used [0x00000000eba80000,0x00000000eba80000,0x00000000ebb80000)
 ParOldGen       total 99328K, used 66822K [0x00000000c0000000, 0x00000000c6100000, 0x00000000eab00000)
  object space 99328K, 67% used [0x00000000c0000000,0x00000000c4141820,0x00000000c6100000)
 Metaspace       used 99054K, committed 100352K, reserved 1179648K
  class space    used 9788K, committed 10304K, reserved 1048576K
}

