# JRE version: OpenJDK Runtime Environment Temurin-17.0.7+7 (17.0.7+7) (build 17.0.7+7)
# Java VM: OpenJDK 64-Bit Server VM Temurin-17.0.7+7 (17.0.7+7, mixed mode, tiered, compressed oops, compressed class ptrs, parallel gc, linux-amd64)
GC Precious Log:
 CPUs: 16 total, 16 available
 Memory: 15366M
 Large Page Support: Disabled
 NUMA Support: Disabled
 Compressed Oops: Enabled (32-bit)
 Alignments: Space 512K, Generation 512K, Heap 2M
 Heap Min Capacity: 100M
 Heap Initial Capacity: 100M
 Heap Max Capacity: 1G
 Pre-touch: Disabled
 Parallel Workers: 13
Heap:
 PSYoungGen      total 24064K, used 23872K [0x00000000eab00000, 0x00000000eca00000, 0x0000000100000000)
  eden space 22528K, 100% used [0x00000000eab00000,0x00000000ec100000,0x00000000ec100000)
  from space 1536K, 87% used [0x00000000ec880000,0x00000000ec9d0020,0x00000000eca00000)
  to   space 3584K, 0% used [0x00000000ec300000,0x00000000ec300000,0x00000000ec680000)
 ParOldGen       total 104448K, used 71981K [0x00000000c0000000, 0x00000000c6600000, 0x00000000eab00000)
  object space 104448K, 68% used [0x00000000c0000000,0x00000000c464b658,0x00000000c6600000)
 Metaspace       used 79769K, committed 80896K, reserved 1179648K
  class space    used 8062K, committed 8576K, reserved 1048576K
GC Heap History (20 events):
Event: 1244.393 GC heap before
{Heap before GC invocations=846 (full 38):
 PSYoungGen      total 26624K, used 26609K [0x00000000eab00000, 0x00000000ed880000, 0x0000000100000000)
  eden space 19968K, 100% used [0x00000000eab00000,0x00000000ebe80000,0x00000000ebe80000)
  from space 6656K, 99% used [0x00000000ec900000,0x00000000ecf7c710,0x00000000ecf80000)
  to   space 10752K, 0% used [0x00000000ebe80000,0x00000000ebe80000,0x00000000ec900000)
 ParOldGen       total 107008K, used 85520K [0x00000000c0000000, 0x00000000c6880000, 0x00000000eab00000)
  object space 107008K, 79% used [0x00000000c0000000,0x00000000c5384328,0x00000000c6880000)
 Metaspace       used 79657K, committed 80832K, reserved 1179648K
  class space    used 8062K, committed 8576K, reserved 1048576K
}
Event: 1244.400 GC heap after
{Heap after GC invocations=846 (full 38):
 PSYoungGen      total 30720K, used 7271K [0x00000000eab00000, 0x00000000ed200000, 0x0000000100000000)
  eden space 19968K, 0% used [0x00000000eab00000,0x00000000eab00000,0x00000000ebe80000)
  from space 10752K, 67% used [0x00000000ebe80000,0x00000000ec599f90,0x00000000ec900000)
  to   space 8192K, 0% used [0x00000000eca00000,0x00000000eca00000,0x00000000ed200000)
 ParOldGen       total 107008K, used 91568K [0x00000000c0000000, 0x00000000c6880000, 0x00000000eab00000)
  object space 107008K, 85% used [0x00000000c0000000,0x00000000c596c100,0x00000000c6880000)
 Metaspace       used 79657K, committed 80832K, reserved 1179648K
  class space    used 8062K, committed 8576K, reserved 1048576K
}
Event: 1245.113 GC heap before
{Heap before GC invocations=847 (full 38):
 PSYoungGen      total 30720K, used 27239K [0x00000000eab00000, 0x00000000ed200000, 0x0000000100000000)
  eden space 19968K, 100% used [0x00000000eab00000,0x00000000ebe80000,0x00000000ebe80000)
  from space 10752K, 67% used [0x00000000ebe80000,0x00000000ec599f90,0x00000000ec900000)
  to   space 8192K, 0% used [0x00000000eca00000,0x00000000eca00000,0x00000000ed200000)
 ParOldGen       total 107008K, used 91568K [0x00000000c0000000, 0x00000000c6880000, 0x00000000eab00000)
  object space 107008K, 85% used [0x00000000c0000000,0x00000000c596c100,0x00000000c6880000)
 Metaspace       used 79660K, committed 80832K, reserved 1179648K
  class space    used 8062K, committed 8576K, reserved 1048576K
}
Event: 1245.121 GC heap after
{Heap after GC invocations=847 (full 38):
 PSYoungGen      total 25600K, used 1536K [0x00000000eab00000, 0x00000000ecc00000, 0x0000000100000000)
  eden space 23552K, 0% used [0x00000000eab00000,0x00000000eab00000,0x00000000ec200000)
  from space 2048K, 75% used [0x00000000eca00000,0x00000000ecb80020,0x00000000ecc00000)
  to   space 4096K, 0% used [0x00000000ec400000,0x00000000ec400000,0x00000000ec800000)
 ParOldGen       total 107008K, used 95715K [0x00000000c0000000, 0x00000000c6880000, 0x00000000eab00000)
  object space 107008K, 89% used [0x00000000c0000000,0x00000000c5d78e50,0x00000000c6880000)
 Metaspace       used 79660K, committed 80832K, reserved 1179648K
  class space    used 8062K, committed 8576K, reserved 1048576K
}
Event: 1246.908 GC heap before
{Heap before GC invocations=848 (full 38):
 PSYoungGen      total 25600K, used 25088K [0x00000000eab00000, 0x00000000ecc00000, 0x0000000100000000)
  eden space 23552K, 100% used [0x00000000eab00000,0x00000000ec200000,0x00000000ec200000)
  from space 2048K, 75% used [0x00000000eca00000,0x00000000ecb80020,0x00000000ecc00000)
  to   space 4096K, 0% used [0x00000000ec400000,0x00000000ec400000,0x00000000ec800000)
 ParOldGen       total 107008K, used 95715K [0x00000000c0000000, 0x00000000c6880000, 0x00000000eab00000)
  object space 107008K, 89% used [0x00000000c0000000,0x00000000c5d78e50,0x00000000c6880000)
 Metaspace       used 79661K, committed 80832K, reserved 1179648K
  class space    used 8062K, committed 8576K, reserved 1048576K
}
Event: 1246.915 GC heap after
{Heap after GC invocations=848 (full 38):
 PSYoungGen      total 27648K, used 4092K [0x00000000eab00000, 0x00000000ee700000, 0x0000000100000000)
  eden space 23552K, 0% used [0x00000000eab00000,0x00000000eab00000,0x00000000ec200000)
  from space 4096K, 99% used [0x00000000ec400000,0x00000000ec7ff190,0x00000000ec800000)
  to   space 18944K, 0% used [0x00000000ed480000,0x00000000ed480000,0x00000000ee700000)
 ParOldGen       total 108032K, used 107787K [0x00000000c0000000, 0x00000000c6980000, 0x00000000eab00000)
  object space 108032K, 99% used [0x00000000c0000000,0x00000000c6942f20,0x00000000c6980000)
 Metaspace       used 79661K, committed 80832K, reserved 1179648K
  class space    used 8062K, committed 8576K, reserved 1048576K
}
Event: 1246.915 GC heap before
{Heap before GC invocations=849 (full 39):
 PSYoungGen      total 27648K, used 4092K [0x00000000eab00000, 0x00000000ee700000, 0x0000000100000000)
  eden space 23552K, 0% used [0x00000000eab00000,0x00000000eab00000,0x00000000ec200000)
  from space 4096K, 99% used [0x00000000ec400000,0x00000000ec7ff190,0x00000000ec800000)
  to   space 18944K, 0% used [0x00000000ed480000,0x00000000ed480000,0x00000000ee700000)
 ParOldGen       total 108032K, used 107787K [0x00000000c0000000, 0x00000000c6980000, 0x00000000eab00000)
  object space 108032K, 99% used [0x00000000c0000000,0x00000000c6942f20,0x00000000c6980000)
 Metaspace       used 79661K, committed 80832K, reserved 1179648K
  class space    used 8062K, committed 8576K, reserved 1048576K
}
Event: 1247.006 GC heap after
{Heap after GC invocations=849 (full 39):
 PSYoungGen      total 42496K, used 0K [0x00000000eab00000, 0x00000000ee700000, 0x0000000100000000)
  eden space 23552K, 0% used [0x00000000eab00000,0x00000000eab00000,0x00000000ec200000)
  from space 18944K, 0% used [0x00000000ed480000,0x00000000ed480000,0x00000000ee700000)
  to   space 18944K, 0% used [0x00000000ec200000,0x00000000ec200000,0x00000000ed480000)
 ParOldGen       total 104448K, used 54664K [0x00000000c0000000, 0x00000000c6600000, 0x00000000eab00000)
  object space 104448K, 52% used [0x00000000c0000000,0x00000000c3562118,0x00000000c6600000)
 Metaspace       used 79661K, committed 80832K, reserved 1179648K
  class space    used 8062K, committed 8576K, reserved 1048576K
}
Event: 1247.020 GC heap before
{Heap before GC invocations=850 (full 39):
 PSYoungGen      total 42496K, used 23552K [0x00000000eab00000, 0x00000000ee700000, 0x0000000100000000)
  eden space 23552K, 100% used [0x00000000eab00000,0x00000000ec200000,0x00000000ec200000)
  from space 18944K, 0% used [0x00000000ed480000,0x00000000ed480000,0x00000000ee700000)
  to   space 18944K, 0% used [0x00000000ec200000,0x00000000ec200000,0x00000000ed480000)
 ParOldGen       total 104448K, used 54664K [0x00000000c0000000, 0x00000000c6600000, 0x00000000eab00000)
  object space 104448K, 52% used [0x00000000c0000000,0x00000000c3562118,0x00000000c6600000)
 Metaspace       used 79692K, committed 80832K, reserved 1179648K
  class space    used 8062K, committed 8576K, reserved 1048576K
}
Event: 1247.029 GC heap after
{Heap after GC invocations=850 (full 39):
 PSYoungGen      total 34304K, used 10641K [0x00000000eab00000, 0x00000000edb00000, 0x0000000100000000)
  eden space 23552K, 0% used [0x00000000eab00000,0x00000000eab00000,0x00000000ec200000)
  from space 10752K, 98% used [0x00000000ec200000,0x00000000ecc64728,0x00000000ecc80000)
  to   space 12800K, 0% used [0x00000000ece80000,0x00000000ece80000,0x00000000edb00000)
 ParOldGen       total 104448K, used 54672K [0x00000000c0000000, 0x00000000c6600000, 0x00000000eab00000)
  object space 104448K, 52% used [0x00000000c0000000,0x00000000c3564118,0x00000000c6600000)
 Metaspace       used 79692K, committed 80832K, reserved 1179648K
  class space    used 8062K, committed 8576K, reserved 1048576K
}
Event: 1248.212 GC heap before
{Heap before GC invocations=851 (full 39):
 PSYoungGen      total 34304K, used 34193K [0x00000000eab00000, 0x00000000edb00000, 0x0000000100000000)
  eden space 23552K, 100% used [0x00000000eab00000,0x00000000ec200000,0x00000000ec200000)
  from space 10752K, 98% used [0x00000000ec200000,0x00000000ecc64728,0x00000000ecc80000)
  to   space 12800K, 0% used [0x00000000ece80000,0x00000000ece80000,0x00000000edb00000)
 ParOldGen       total 104448K, used 54672K [0x00000000c0000000, 0x00000000c6600000, 0x00000000eab00000)
  object space 104448K, 52% used [0x00000000c0000000,0x00000000c3564118,0x00000000c6600000)
 Metaspace       used 79703K, committed 80832K, reserved 1179648K
  class space    used 8062K, committed 8576K, reserved 1048576K
}
Event: 1248.220 GC heap after
{Heap after GC invocations=851 (full 39):
 PSYoungGen      total 28672K, used 4826K [0x00000000eab00000, 0x00000000ed380000, 0x0000000100000000)
  eden space 23552K, 0% used [0x00000000eab00000,0x00000000eab00000,0x00000000ec200000)
  from space 5120K, 94% used [0x00000000ece80000,0x00000000ed336978,0x00000000ed380000)
  to   space 7680K, 0% used [0x00000000ec480000,0x00000000ec480000,0x00000000ecc00000)
 ParOldGen       total 104448K, used 60020K [0x00000000c0000000, 0x00000000c6600000, 0x00000000eab00000)
  object space 104448K, 57% used [0x00000000c0000000,0x00000000c3a9d008,0x00000000c6600000)
 Metaspace       used 79703K, committed 80832K, reserved 1179648K
  class space    used 8062K, committed 8576K, reserved 1048576K
}
Event: 1248.234 GC heap before
{Heap before GC invocations=852 (full 39):
 PSYoungGen      total 28672K, used 28378K [0x00000000eab00000, 0x00000000ed380000, 0x0000000100000000)
  eden space 23552K, 100% used [0x00000000eab00000,0x00000000ec200000,0x00000000ec200000)
  from space 5120K, 94% used [0x00000000ece80000,0x00000000ed336978,0x00000000ed380000)
  to   space 7680K, 0% used [0x00000000ec480000,0x00000000ec480000,0x00000000ecc00000)
 ParOldGen       total 104448K, used 60020K [0x00000000c0000000, 0x00000000c6600000, 0x00000000eab00000)
  object space 104448K, 57% used [0x00000000c0000000,0x00000000c3a9d008,0x00000000c6600000)
 Metaspace       used 79705K, committed 80832K, reserved 1179648K
  class space    used 8062K, committed 8576K, reserved 1048576K
}
Event: 1248.238 GC heap after
{Heap after GC invocations=852 (full 39):
 PSYoungGen      total 31232K, used 7193K [0x00000000eab00000, 0x00000000ed100000, 0x0000000100000000)
  eden space 23552K, 0% used [0x00000000eab00000,0x00000000eab00000,0x00000000ec200000)
  from space 7680K, 93% used [0x00000000ec480000,0x00000000ecb866e0,0x00000000ecc00000)
  to   space 5120K, 0% used [0x00000000ecc00000,0x00000000ecc00000,0x00000000ed100000)
 ParOldGen       total 104448K, used 62686K [0x00000000c0000000, 0x00000000c6600000, 0x00000000eab00000)
  object space 104448K, 60% used [0x00000000c0000000,0x00000000c3d37960,0x00000000c6600000)
 Metaspace       used 79705K, committed 80832K, reserved 1179648K
  class space    used 8062K, committed 8576K, reserved 1048576K
}
Event: 1248.972 GC heap before
{Heap before GC invocations=853 (full 39):
 PSYoungGen      total 31232K, used 29866K [0x00000000eab00000, 0x00000000ed100000, 0x0000000100000000)
  eden space 23552K, 96% used [0x00000000eab00000,0x00000000ec124268,0x00000000ec200000)
  from space 7680K, 93% used [0x00000000ec480000,0x00000000ecb866e0,0x00000000ecc00000)
  to   space 5120K, 0% used [0x00000000ecc00000,0x00000000ecc00000,0x00000000ed100000)
 ParOldGen       total 104448K, used 62686K [0x00000000c0000000, 0x00000000c6600000, 0x00000000eab00000)
  object space 104448K, 60% used [0x00000000c0000000,0x00000000c3d37960,0x00000000c6600000)
 Metaspace       used 79712K, committed 80832K, reserved 1179648K
  class space    used 8062K, committed 8576K, reserved 1048576K
}
Event: 1248.975 GC heap after
{Heap after GC invocations=853 (full 39):
 PSYoungGen      total 27648K, used 5114K [0x00000000eab00000, 0x00000000ed800000, 0x0000000100000000)
  eden space 22528K, 0% used [0x00000000eab00000,0x00000000eab00000,0x00000000ec100000)
  from space 5120K, 99% used [0x00000000ecc00000,0x00000000ed0fe978,0x00000000ed100000)
  to   space 11264K, 0% used [0x00000000ec100000,0x00000000ec100000,0x00000000ecc00000)
 ParOldGen       total 104448K, used 68001K [0x00000000c0000000, 0x00000000c6600000, 0x00000000eab00000)
  object space 104448K, 65% used [0x00000000c0000000,0x00000000c4268488,0x00000000c6600000)
 Metaspace       used 79712K, committed 80832K, reserved 1179648K
  class space    used 8062K, committed 8576K, reserved 1048576K
}
Event: 1248.984 GC heap before
{Heap before GC invocations=854 (full 39):
 PSYoungGen      total 27648K, used 27642K [0x00000000eab00000, 0x00000000ed800000, 0x0000000100000000)
  eden space 22528K, 100% used [0x00000000eab00000,0x00000000ec100000,0x00000000ec100000)
  from space 5120K, 99% used [0x00000000ecc00000,0x00000000ed0fe978,0x00000000ed100000)
  to   space 11264K, 0% used [0x00000000ec100000,0x00000000ec100000,0x00000000ecc00000)
 ParOldGen       total 104448K, used 68001K [0x00000000c0000000, 0x00000000c6600000, 0x00000000eab00000)
  object space 104448K, 65% used [0x00000000c0000000,0x00000000c4268488,0x00000000c6600000)
 Metaspace       used 79717K, committed 80832K, reserved 1179648K
  class space    used 8062K, committed 8576K, reserved 1048576K
}
Event: 1248.986 GC heap after
{Heap after GC invocations=854 (full 39):
 PSYoungGen      total 28160K, used 5301K [0x00000000eab00000, 0x00000000ed000000, 0x0000000100000000)
  eden space 22528K, 0% used [0x00000000eab00000,0x00000000eab00000,0x00000000ec100000)
  from space 5632K, 94% used [0x00000000ec100000,0x00000000ec62d738,0x00000000ec680000)
  to   space 7680K, 0% used [0x00000000ec880000,0x00000000ec880000,0x00000000ed000000)
 ParOldGen       total 104448K, used 69356K [0x00000000c0000000, 0x00000000c6600000, 0x00000000eab00000)
  object space 104448K, 66% used [0x00000000c0000000,0x00000000c43bb1f8,0x00000000c6600000)
 Metaspace       used 79717K, committed 80832K, reserved 1179648K
  class space    used 8062K, committed 8576K, reserved 1048576K
}
Event: 1251.553 GC heap before
{Heap before GC invocations=855 (full 39):
 PSYoungGen      total 28160K, used 27829K [0x00000000eab00000, 0x00000000ed000000, 0x0000000100000000)
  eden space 22528K, 100% used [0x00000000eab00000,0x00000000ec100000,0x00000000ec100000)
  from space 5632K, 94% used [0x00000000ec100000,0x00000000ec62d738,0x00000000ec680000)
  to   space 7680K, 0% used [0x00000000ec880000,0x00000000ec880000,0x00000000ed000000)
 ParOldGen       total 104448K, used 69356K [0x00000000c0000000, 0x00000000c6600000, 0x00000000eab00000)
  object space 104448K, 66% used [0x00000000c0000000,0x00000000c43bb1f8,0x00000000c6600000)
 Metaspace       used 79767K, committed 80896K, reserved 1179648K
  class space    used 8062K, committed 8576K, reserved 1048576K
}
Event: 1251.556 GC heap after
{Heap after GC invocations=855 (full 39):
 PSYoungGen      total 24064K, used 1344K [0x00000000eab00000, 0x00000000eca00000, 0x0000000100000000)
  eden space 22528K, 0% used [0x00000000eab00000,0x00000000eab00000,0x00000000ec100000)
  from space 1536K, 87% used [0x00000000ec880000,0x00000000ec9d0020,0x00000000eca00000)
  to   space 3584K, 0% used [0x00000000ec300000,0x00000000ec300000,0x00000000ec680000)
 ParOldGen       total 104448K, used 71981K [0x00000000c0000000, 0x00000000c6600000, 0x00000000eab00000)
  object space 104448K, 68% used [0x00000000c0000000,0x00000000c464b658,0x00000000c6600000)
 Metaspace       used 79767K, committed 80896K, reserved 1179648K
  class space    used 8062K, committed 8576K, reserved 1048576K
}

