# JRE version: OpenJDK Runtime Environment Temurin-17.0.7+7 (17.0.7+7) (build 17.0.7+7)
# Java VM: OpenJDK 64-Bit Server VM Temurin-17.0.7+7 (17.0.7+7, mixed mode, tiered, compressed oops, compressed class ptrs, parallel gc, linux-amd64)
GC Precious Log:
 CPUs: 16 total, 16 available
 Memory: 15378M
 Large Page Support: Disabled
 NUMA Support: Disabled
 Compressed Oops: Enabled (32-bit)
 Alignments: Space 512K, Generation 512K, Heap 2M
 Heap Min Capacity: 100M
 Heap Initial Capacity: 100M
 Heap Max Capacity: 1G
 Pre-touch: Disabled
 Parallel Workers: 13
Heap:
 PSYoungGen      total 3584K, used 3210K [0x00000000eab00000, 0x00000000eb300000, 0x0000000100000000)
  eden space 2560K, 94% used [0x00000000eab00000,0x00000000ead5aba8,0x00000000ead80000)
  from space 1024K, 78% used [0x00000000eb200000,0x00000000eb2c8000,0x00000000eb300000)
  to   space 1024K, 0% used [0x00000000eb100000,0x00000000eb100000,0x00000000eb200000)
 ParOldGen       total 75264K, used 51901K [0x00000000c0000000, 0x00000000c4980000, 0x00000000eab00000)
  object space 75264K, 68% used [0x00000000c0000000,0x00000000c32af798,0x00000000c4980000)
 Metaspace       used 78745K, committed 79936K, reserved 1179648K
  class space    used 8137K, committed 8704K, reserved 1048576K
GC Heap History (20 events):
Event: 20186.100 GC heap before
{Heap before GC invocations=176 (full 9):
 PSYoungGen      total 9216K, used 7847K [0x00000000eab00000, 0x00000000eb580000, 0x0000000100000000)
  eden space 7680K, 89% used [0x00000000eab00000,0x00000000eb1b9ef0,0x00000000eb280000)
  from space 1536K, 62% used [0x00000000eb400000,0x00000000eb4f0000,0x00000000eb580000)
  to   space 1536K, 0% used [0x00000000eb280000,0x00000000eb280000,0x00000000eb400000)
 ParOldGen       total 75264K, used 66175K [0x00000000c0000000, 0x00000000c4980000, 0x00000000eab00000)
  object space 75264K, 87% used [0x00000000c0000000,0x00000000c409fff0,0x00000000c4980000)
 Metaspace       used 78675K, committed 79936K, reserved 1179648K
  class space    used 8131K, committed 8704K, reserved 1048576K
}
Event: 20186.101 GC heap after
{Heap after GC invocations=176 (full 9):
 PSYoungGen      total 8704K, used 583K [0x00000000eab00000, 0x00000000eb480000, 0x0000000100000000)
  eden space 7680K, 0% used [0x00000000eab00000,0x00000000eab00000,0x00000000eb280000)
  from space 1024K, 57% used [0x00000000eb280000,0x00000000eb311f98,0x00000000eb380000)
  to   space 1024K, 0% used [0x00000000eb380000,0x00000000eb380000,0x00000000eb480000)
 ParOldGen       total 75264K, used 66904K [0x00000000c0000000, 0x00000000c4980000, 0x00000000eab00000)
  object space 75264K, 88% used [0x00000000c0000000,0x00000000c4156050,0x00000000c4980000)
 Metaspace       used 78675K, committed 79936K, reserved 1179648K
  class space    used 8131K, committed 8704K, reserved 1048576K
}
Event: 20186.109 GC heap before
{Heap before GC invocations=177 (full 9):
 PSYoungGen      total 8704K, used 8263K [0x00000000eab00000, 0x00000000eb480000, 0x0000000100000000)
  eden space 7680K, 100% used [0x00000000eab00000,0x00000000eb280000,0x00000000eb280000)
  from space 1024K, 57% used [0x00000000eb280000,0x00000000eb311f98,0x00000000eb380000)
  to   space 1024K, 0% used [0x00000000eb380000,0x00000000eb380000,0x00000000eb480000)
 ParOldGen       total 75264K, used 66904K [0x00000000c0000000, 0x00000000c4980000, 0x00000000eab00000)
  object space 75264K, 88% used [0x00000000c0000000,0x00000000c4156050,0x00000000c4980000)
 Metaspace       used 78675K, committed 79936K, reserved 1179648K
  class space    used 8131K, committed 8704K, reserved 1048576K
}
Event: 20186.110 GC heap after
{Heap after GC invocations=177 (full 9):
 PSYoungGen      total 3584K, used 1008K [0x00000000eab00000, 0x00000000ebe80000, 0x0000000100000000)
  eden space 2560K, 0% used [0x00000000eab00000,0x00000000eab00000,0x00000000ead80000)
  from space 1024K, 98% used [0x00000000eb380000,0x00000000eb47c360,0x00000000eb480000)
  to   space 6144K, 0% used [0x00000000ead80000,0x00000000ead80000,0x00000000eb380000)
 ParOldGen       total 75264K, used 71104K [0x00000000c0000000, 0x00000000c4980000, 0x00000000eab00000)
  object space 75264K, 94% used [0x00000000c0000000,0x00000000c4570008,0x00000000c4980000)
 Metaspace       used 78675K, committed 79936K, reserved 1179648K
  class space    used 8131K, committed 8704K, reserved 1048576K
}
Event: 20186.110 GC heap before
{Heap before GC invocations=178 (full 10):
 PSYoungGen      total 3584K, used 1008K [0x00000000eab00000, 0x00000000ebe80000, 0x0000000100000000)
  eden space 2560K, 0% used [0x00000000eab00000,0x00000000eab00000,0x00000000ead80000)
  from space 1024K, 98% used [0x00000000eb380000,0x00000000eb47c360,0x00000000eb480000)
  to   space 6144K, 0% used [0x00000000ead80000,0x00000000ead80000,0x00000000eb380000)
 ParOldGen       total 75264K, used 71104K [0x00000000c0000000, 0x00000000c4980000, 0x00000000eab00000)
  object space 75264K, 94% used [0x00000000c0000000,0x00000000c4570008,0x00000000c4980000)
 Metaspace       used 78675K, committed 79936K, reserved 1179648K
  class space    used 8131K, committed 8704K, reserved 1048576K
}
Event: 20186.157 GC heap after
{Heap after GC invocations=178 (full 10):
 PSYoungGen      total 8704K, used 0K [0x00000000eab00000, 0x00000000eb980000, 0x0000000100000000)
  eden space 2560K, 0% used [0x00000000eab00000,0x00000000eab00000,0x00000000ead80000)
  from space 6144K, 0% used [0x00000000ead80000,0x00000000ead80000,0x00000000eb380000)
  to   space 6144K, 0% used [0x00000000eb380000,0x00000000eb380000,0x00000000eb980000)
 ParOldGen       total 75264K, used 45764K [0x00000000c0000000, 0x00000000c4980000, 0x00000000eab00000)
  object space 75264K, 60% used [0x00000000c0000000,0x00000000c2cb1068,0x00000000c4980000)
 Metaspace       used 78675K, committed 79936K, reserved 1179648K
  class space    used 8131K, committed 8704K, reserved 1048576K
}
Event: 20186.480 GC heap before
{Heap before GC invocations=179 (full 10):
 PSYoungGen      total 8704K, used 2560K [0x00000000eab00000, 0x00000000eb980000, 0x0000000100000000)
  eden space 2560K, 100% used [0x00000000eab00000,0x00000000ead80000,0x00000000ead80000)
  from space 6144K, 0% used [0x00000000ead80000,0x00000000ead80000,0x00000000eb380000)
  to   space 6144K, 0% used [0x00000000eb380000,0x00000000eb380000,0x00000000eb980000)
 ParOldGen       total 75264K, used 45764K [0x00000000c0000000, 0x00000000c4980000, 0x00000000eab00000)
  object space 75264K, 60% used [0x00000000c0000000,0x00000000c2cb1068,0x00000000c4980000)
 Metaspace       used 78677K, committed 79936K, reserved 1179648K
  class space    used 8131K, committed 8704K, reserved 1048576K
}
Event: 20186.481 GC heap after
{Heap after GC invocations=179 (full 10):
 PSYoungGen      total 3584K, used 576K [0x00000000eab00000, 0x00000000eb480000, 0x0000000100000000)
  eden space 2560K, 0% used [0x00000000eab00000,0x00000000eab00000,0x00000000ead80000)
  from space 1024K, 56% used [0x00000000eb380000,0x00000000eb410000,0x00000000eb480000)
  to   space 2560K, 0% used [0x00000000eaf80000,0x00000000eaf80000,0x00000000eb200000)
 ParOldGen       total 75264K, used 45764K [0x00000000c0000000, 0x00000000c4980000, 0x00000000eab00000)
  object space 75264K, 60% used [0x00000000c0000000,0x00000000c2cb1068,0x00000000c4980000)
 Metaspace       used 78677K, committed 79936K, reserved 1179648K
  class space    used 8131K, committed 8704K, reserved 1048576K
}
Event: 20186.909 GC heap before
{Heap before GC invocations=180 (full 10):
 PSYoungGen      total 3584K, used 3136K [0x00000000eab00000, 0x00000000eb480000, 0x0000000100000000)
  eden space 2560K, 100% used [0x00000000eab00000,0x00000000ead80000,0x00000000ead80000)
  from space 1024K, 56% used [0x00000000eb380000,0x00000000eb410000,0x00000000eb480000)
  to   space 2560K, 0% used [0x00000000eaf80000,0x00000000eaf80000,0x00000000eb200000)
 ParOldGen       total 75264K, used 45764K [0x00000000c0000000, 0x00000000c4980000, 0x00000000eab00000)
  object space 75264K, 60% used [0x00000000c0000000,0x00000000c2cb1068,0x00000000c4980000)
 Metaspace       used 78692K, committed 79936K, reserved 1179648K
  class space    used 8131K, committed 8704K, reserved 1048576K
}
Event: 20186.911 GC heap after
{Heap after GC invocations=180 (full 10):
 PSYoungGen      total 5120K, used 384K [0x00000000eab00000, 0x00000000eb400000, 0x0000000100000000)
  eden space 2560K, 0% used [0x00000000eab00000,0x00000000eab00000,0x00000000ead80000)
  from space 2560K, 15% used [0x00000000eaf80000,0x00000000eafe0000,0x00000000eb200000)
  to   space 1024K, 0% used [0x00000000eb300000,0x00000000eb300000,0x00000000eb400000)
 ParOldGen       total 75264K, used 46204K [0x00000000c0000000, 0x00000000c4980000, 0x00000000eab00000)
  object space 75264K, 61% used [0x00000000c0000000,0x00000000c2d1f388,0x00000000c4980000)
 Metaspace       used 78692K, committed 79936K, reserved 1179648K
  class space    used 8131K, committed 8704K, reserved 1048576K
}
Event: 20186.927 GC heap before
{Heap before GC invocations=181 (full 10):
 PSYoungGen      total 5120K, used 2944K [0x00000000eab00000, 0x00000000eb400000, 0x0000000100000000)
  eden space 2560K, 100% used [0x00000000eab00000,0x00000000ead80000,0x00000000ead80000)
  from space 2560K, 15% used [0x00000000eaf80000,0x00000000eafe0000,0x00000000eb200000)
  to   space 1024K, 0% used [0x00000000eb300000,0x00000000eb300000,0x00000000eb400000)
 ParOldGen       total 75264K, used 46204K [0x00000000c0000000, 0x00000000c4980000, 0x00000000eab00000)
  object space 75264K, 61% used [0x00000000c0000000,0x00000000c2d1f388,0x00000000c4980000)
 Metaspace       used 78699K, committed 79936K, reserved 1179648K
  class space    used 8131K, committed 8704K, reserved 1048576K
}
Event: 20186.928 GC heap after
{Heap after GC invocations=181 (full 10):
 PSYoungGen      total 3584K, used 768K [0x00000000eab00000, 0x00000000eb400000, 0x0000000100000000)
  eden space 2560K, 0% used [0x00000000eab00000,0x00000000eab00000,0x00000000ead80000)
  from space 1024K, 75% used [0x00000000eb300000,0x00000000eb3c0000,0x00000000eb400000)
  to   space 1024K, 0% used [0x00000000eb200000,0x00000000eb200000,0x00000000eb300000)
 ParOldGen       total 75264K, used 46408K [0x00000000c0000000, 0x00000000c4980000, 0x00000000eab00000)
  object space 75264K, 61% used [0x00000000c0000000,0x00000000c2d52050,0x00000000c4980000)
 Metaspace       used 78699K, committed 79936K, reserved 1179648K
  class space    used 8131K, committed 8704K, reserved 1048576K
}
Event: 20186.932 GC heap before
{Heap before GC invocations=182 (full 10):
 PSYoungGen      total 3584K, used 3328K [0x00000000eab00000, 0x00000000eb400000, 0x0000000100000000)
  eden space 2560K, 100% used [0x00000000eab00000,0x00000000ead80000,0x00000000ead80000)
  from space 1024K, 75% used [0x00000000eb300000,0x00000000eb3c0000,0x00000000eb400000)
  to   space 1024K, 0% used [0x00000000eb200000,0x00000000eb200000,0x00000000eb300000)
 ParOldGen       total 75264K, used 46408K [0x00000000c0000000, 0x00000000c4980000, 0x00000000eab00000)
  object space 75264K, 61% used [0x00000000c0000000,0x00000000c2d52050,0x00000000c4980000)
 Metaspace       used 78699K, committed 79936K, reserved 1179648K
  class space    used 8131K, committed 8704K, reserved 1048576K
}
Event: 20186.933 GC heap after
{Heap after GC invocations=182 (full 10):
 PSYoungGen      total 3584K, used 727K [0x00000000eab00000, 0x00000000eb380000, 0x0000000100000000)
  eden space 2560K, 0% used [0x00000000eab00000,0x00000000eab00000,0x00000000ead80000)
  from space 1024K, 71% used [0x00000000eb200000,0x00000000eb2b5d48,0x00000000eb300000)
  to   space 512K, 0% used [0x00000000eb300000,0x00000000eb300000,0x00000000eb380000)
 ParOldGen       total 75264K, used 48891K [0x00000000c0000000, 0x00000000c4980000, 0x00000000eab00000)
  object space 75264K, 64% used [0x00000000c0000000,0x00000000c2fbee78,0x00000000c4980000)
 Metaspace       used 78699K, committed 79936K, reserved 1179648K
  class space    used 8131K, committed 8704K, reserved 1048576K
}
Event: 20186.937 GC heap before
{Heap before GC invocations=183 (full 10):
 PSYoungGen      total 3584K, used 3161K [0x00000000eab00000, 0x00000000eb380000, 0x0000000100000000)
  eden space 2560K, 95% used [0x00000000eab00000,0x00000000ead60a88,0x00000000ead80000)
  from space 1024K, 71% used [0x00000000eb200000,0x00000000eb2b5d48,0x00000000eb300000)
  to   space 512K, 0% used [0x00000000eb300000,0x00000000eb300000,0x00000000eb380000)
 ParOldGen       total 75264K, used 48891K [0x00000000c0000000, 0x00000000c4980000, 0x00000000eab00000)
  object space 75264K, 64% used [0x00000000c0000000,0x00000000c2fbee78,0x00000000c4980000)
 Metaspace       used 78699K, committed 79936K, reserved 1179648K
  class space    used 8131K, committed 8704K, reserved 1048576K
}
Event: 20186.938 GC heap after
{Heap after GC invocations=183 (full 10):
 PSYoungGen      total 3072K, used 502K [0x00000000eab00000, 0x00000000eb380000, 0x0000000100000000)
  eden space 2560K, 0% used [0x00000000eab00000,0x00000000eab00000,0x00000000ead80000)
  from space 512K, 98% used [0x00000000eb300000,0x00000000eb37dab8,0x00000000eb380000)
  to   space 2560K, 0% used [0x00000000eae80000,0x00000000eae80000,0x00000000eb100000)
 ParOldGen       total 75264K, used 50412K [0x00000000c0000000, 0x00000000c4980000, 0x00000000eab00000)
  object space 75264K, 66% used [0x00000000c0000000,0x00000000c313b138,0x00000000c4980000)
 Metaspace       used 78699K, committed 79936K, reserved 1179648K
  class space    used 8131K, committed 8704K, reserved 1048576K
}
Event: 20186.945 GC heap before
{Heap before GC invocations=184 (full 10):
 PSYoungGen      total 3072K, used 3062K [0x00000000eab00000, 0x00000000eb380000, 0x0000000100000000)
  eden space 2560K, 100% used [0x00000000eab00000,0x00000000ead80000,0x00000000ead80000)
  from space 512K, 98% used [0x00000000eb300000,0x00000000eb37dab8,0x00000000eb380000)
  to   space 2560K, 0% used [0x00000000eae80000,0x00000000eae80000,0x00000000eb100000)
 ParOldGen       total 75264K, used 50412K [0x00000000c0000000, 0x00000000c4980000, 0x00000000eab00000)
  object space 75264K, 66% used [0x00000000c0000000,0x00000000c313b138,0x00000000c4980000)
 Metaspace       used 78699K, committed 79936K, reserved 1179648K
  class space    used 8131K, committed 8704K, reserved 1048576K
}
Event: 20186.946 GC heap after
{Heap after GC invocations=184 (full 10):
 PSYoungGen      total 5120K, used 1185K [0x00000000eab00000, 0x00000000eb380000, 0x0000000100000000)
  eden space 2560K, 0% used [0x00000000eab00000,0x00000000eab00000,0x00000000ead80000)
  from space 2560K, 46% used [0x00000000eae80000,0x00000000eafa84e8,0x00000000eb100000)
  to   space 1536K, 0% used [0x00000000eb200000,0x00000000eb200000,0x00000000eb380000)
 ParOldGen       total 75264K, used 50962K [0x00000000c0000000, 0x00000000c4980000, 0x00000000eab00000)
  object space 75264K, 67% used [0x00000000c0000000,0x00000000c31c4b00,0x00000000c4980000)
 Metaspace       used 78699K, committed 79936K, reserved 1179648K
  class space    used 8131K, committed 8704K, reserved 1048576K
}
Event: 20186.954 GC heap before
{Heap before GC invocations=185 (full 10):
 PSYoungGen      total 5120K, used 3745K [0x00000000eab00000, 0x00000000eb380000, 0x0000000100000000)
  eden space 2560K, 100% used [0x00000000eab00000,0x00000000ead80000,0x00000000ead80000)
  from space 2560K, 46% used [0x00000000eae80000,0x00000000eafa84e8,0x00000000eb100000)
  to   space 1536K, 0% used [0x00000000eb200000,0x00000000eb200000,0x00000000eb380000)
 ParOldGen       total 75264K, used 50962K [0x00000000c0000000, 0x00000000c4980000, 0x00000000eab00000)
  object space 75264K, 67% used [0x00000000c0000000,0x00000000c31c4b00,0x00000000c4980000)
 Metaspace       used 78699K, committed 79936K, reserved 1179648K
  class space    used 8131K, committed 8704K, reserved 1048576K
}
Event: 20186.956 GC heap after
{Heap after GC invocations=185 (full 10):
 PSYoungGen      total 3584K, used 800K [0x00000000eab00000, 0x00000000eb300000, 0x0000000100000000)
  eden space 2560K, 0% used [0x00000000eab00000,0x00000000eab00000,0x00000000ead80000)
  from space 1024K, 78% used [0x00000000eb200000,0x00000000eb2c8000,0x00000000eb300000)
  to   space 1024K, 0% used [0x00000000eb100000,0x00000000eb100000,0x00000000eb200000)
 ParOldGen       total 75264K, used 51901K [0x00000000c0000000, 0x00000000c4980000, 0x00000000eab00000)
  object space 75264K, 68% used [0x00000000c0000000,0x00000000c32af798,0x00000000c4980000)
 Metaspace       used 78699K, committed 79936K, reserved 1179648K
  class space    used 8131K, committed 8704K, reserved 1048576K
}

