# JRE version: OpenJDK Runtime Environment Temurin-17.0.9+9 (17.0.9+9) (build 17.0.9+9)
# Java VM: OpenJDK 64-Bit Server VM Temurin-17.0.9+9 (17.0.9+9, mixed mode, tiered, compressed oops, compressed class ptrs, parallel gc, linux-amd64)
GC Precious Log:
 CPUs: 16 total, 16 available
 Memory: 15361M
 Large Page Support: Disabled
 NUMA Support: Disabled
 Compressed Oops: Enabled (32-bit)
 Alignments: Space 512K, Generation 512K, Heap 2M
 Heap Min Capacity: 100M
 Heap Initial Capacity: 100M
 Heap Max Capacity: 1G
 Pre-touch: Disabled
 Parallel Workers: 13
Heap:
 PSYoungGen      total 20992K, used 20830K [0x00000000eab00000, 0x00000000ec180000, 0x0000000100000000)
  eden space 18944K, 100% used [0x00000000eab00000,0x00000000ebd80000,0x00000000ebd80000)
  from space 2048K, 92% used [0x00000000ebf80000,0x00000000ec157b30,0x00000000ec180000)
  to   space 2048K, 99% used [0x00000000ebd80000,0x00000000ebf7c608,0x00000000ebf80000)
 ParOldGen       total 146432K, used 146388K [0x00000000c0000000, 0x00000000c8f00000, 0x00000000eab00000)
  object space 146432K, 99% used [0x00000000c0000000,0x00000000c8ef5288,0x00000000c8f00000)
 Metaspace       used 105180K, committed 106560K, reserved 1179648K
  class space    used 9950K, committed 10496K, reserved 1048576K
GC Heap History (20 events):
Event: 40878.559 GC heap after
{Heap after GC invocations=12365 (full 697):
 PSYoungGen      total 16384K, used 2027K [0x00000000eab00000, 0x00000000ec480000, 0x0000000100000000)
  eden space 14336K, 0% used [0x00000000eab00000,0x00000000eab00000,0x00000000eb900000)
  from space 2048K, 98% used [0x00000000eb900000,0x00000000ebafadb0,0x00000000ebb00000)
  to   space 5120K, 0% used [0x00000000ebf80000,0x00000000ebf80000,0x00000000ec480000)
 ParOldGen       total 141312K, used 108117K [0x00000000c0000000, 0x00000000c8a00000, 0x00000000eab00000)
  object space 141312K, 76% used [0x00000000c0000000,0x00000000c6995638,0x00000000c8a00000)
 Metaspace       used 105179K, committed 106560K, reserved 1179648K
  class space    used 9950K, committed 10496K, reserved 1048576K
}
Event: 40878.566 GC heap before
{Heap before GC invocations=12366 (full 697):
 PSYoungGen      total 16384K, used 16363K [0x00000000eab00000, 0x00000000ec480000, 0x0000000100000000)
  eden space 14336K, 100% used [0x00000000eab00000,0x00000000eb900000,0x00000000eb900000)
  from space 2048K, 98% used [0x00000000eb900000,0x00000000ebafadb0,0x00000000ebb00000)
  to   space 5120K, 0% used [0x00000000ebf80000,0x00000000ebf80000,0x00000000ec480000)
 ParOldGen       total 141312K, used 108117K [0x00000000c0000000, 0x00000000c8a00000, 0x00000000eab00000)
  object space 141312K, 76% used [0x00000000c0000000,0x00000000c6995638,0x00000000c8a00000)
 Metaspace       used 105179K, committed 106560K, reserved 1179648K
  class space    used 9950K, committed 10496K, reserved 1048576K
}
Event: 40878.571 GC heap after
{Heap after GC invocations=12366 (full 697):
 PSYoungGen      total 15360K, used 5098K [0x00000000eab00000, 0x00000000ed080000, 0x0000000100000000)
  eden space 10240K, 0% used [0x00000000eab00000,0x00000000eab00000,0x00000000eb500000)
  from space 5120K, 99% used [0x00000000ebf80000,0x00000000ec47aa18,0x00000000ec480000)
  to   space 10752K, 0% used [0x00000000eb500000,0x00000000eb500000,0x00000000ebf80000)
 ParOldGen       total 141312K, used 112546K [0x00000000c0000000, 0x00000000c8a00000, 0x00000000eab00000)
  object space 141312K, 79% used [0x00000000c0000000,0x00000000c6de8938,0x00000000c8a00000)
 Metaspace       used 105179K, committed 106560K, reserved 1179648K
  class space    used 9950K, committed 10496K, reserved 1048576K
}
Event: 40878.575 GC heap before
{Heap before GC invocations=12367 (full 697):
 PSYoungGen      total 15360K, used 15338K [0x00000000eab00000, 0x00000000ed080000, 0x0000000100000000)
  eden space 10240K, 100% used [0x00000000eab00000,0x00000000eb500000,0x00000000eb500000)
  from space 5120K, 99% used [0x00000000ebf80000,0x00000000ec47aa18,0x00000000ec480000)
  to   space 10752K, 0% used [0x00000000eb500000,0x00000000eb500000,0x00000000ebf80000)
 ParOldGen       total 141312K, used 112546K [0x00000000c0000000, 0x00000000c8a00000, 0x00000000eab00000)
  object space 141312K, 79% used [0x00000000c0000000,0x00000000c6de8938,0x00000000c8a00000)
 Metaspace       used 105179K, committed 106560K, reserved 1179648K
  class space    used 9950K, committed 10496K, reserved 1048576K
}
Event: 40878.579 GC heap after
{Heap after GC invocations=12367 (full 697):
 PSYoungGen      total 17408K, used 6936K [0x00000000eab00000, 0x00000000ec700000, 0x0000000100000000)
  eden space 10240K, 0% used [0x00000000eab00000,0x00000000eab00000,0x00000000eb500000)
  from space 7168K, 96% used [0x00000000eb500000,0x00000000ebbc6038,0x00000000ebc00000)
  to   space 8192K, 0% used [0x00000000ebf00000,0x00000000ebf00000,0x00000000ec700000)
 ParOldGen       total 141312K, used 117687K [0x00000000c0000000, 0x00000000c8a00000, 0x00000000eab00000)
  object space 141312K, 83% used [0x00000000c0000000,0x00000000c72edd50,0x00000000c8a00000)
 Metaspace       used 105179K, committed 106560K, reserved 1179648K
  class space    used 9950K, committed 10496K, reserved 1048576K
}
Event: 40878.582 GC heap before
{Heap before GC invocations=12368 (full 697):
 PSYoungGen      total 17408K, used 17176K [0x00000000eab00000, 0x00000000ec700000, 0x0000000100000000)
  eden space 10240K, 100% used [0x00000000eab00000,0x00000000eb500000,0x00000000eb500000)
  from space 7168K, 96% used [0x00000000eb500000,0x00000000ebbc6038,0x00000000ebc00000)
  to   space 8192K, 0% used [0x00000000ebf00000,0x00000000ebf00000,0x00000000ec700000)
 ParOldGen       total 141312K, used 117687K [0x00000000c0000000, 0x00000000c8a00000, 0x00000000eab00000)
  object space 141312K, 83% used [0x00000000c0000000,0x00000000c72edd50,0x00000000c8a00000)
 Metaspace       used 105179K, committed 106560K, reserved 1179648K
  class space    used 9950K, committed 10496K, reserved 1048576K
}
Event: 40878.586 GC heap after
{Heap after GC invocations=12368 (full 697):
 PSYoungGen      total 17408K, used 4916K [0x00000000eab00000, 0x00000000ec400000, 0x0000000100000000)
  eden space 12288K, 0% used [0x00000000eab00000,0x00000000eab00000,0x00000000eb700000)
  from space 5120K, 96% used [0x00000000ebf00000,0x00000000ec3cd200,0x00000000ec400000)
  to   space 6144K, 0% used [0x00000000eb800000,0x00000000eb800000,0x00000000ebe00000)
 ParOldGen       total 141312K, used 124120K [0x00000000c0000000, 0x00000000c8a00000, 0x00000000eab00000)
  object space 141312K, 87% used [0x00000000c0000000,0x00000000c7936150,0x00000000c8a00000)
 Metaspace       used 105179K, committed 106560K, reserved 1179648K
  class space    used 9950K, committed 10496K, reserved 1048576K
}
Event: 40878.592 GC heap before
{Heap before GC invocations=12369 (full 697):
 PSYoungGen      total 17408K, used 17204K [0x00000000eab00000, 0x00000000ec400000, 0x0000000100000000)
  eden space 12288K, 100% used [0x00000000eab00000,0x00000000eb700000,0x00000000eb700000)
  from space 5120K, 96% used [0x00000000ebf00000,0x00000000ec3cd200,0x00000000ec400000)
  to   space 6144K, 0% used [0x00000000eb800000,0x00000000eb800000,0x00000000ebe00000)
 ParOldGen       total 141312K, used 124120K [0x00000000c0000000, 0x00000000c8a00000, 0x00000000eab00000)
  object space 141312K, 87% used [0x00000000c0000000,0x00000000c7936150,0x00000000c8a00000)
 Metaspace       used 105179K, committed 106560K, reserved 1179648K
  class space    used 9950K, committed 10496K, reserved 1048576K
}
Event: 40878.598 GC heap after
{Heap after GC invocations=12369 (full 697):
 PSYoungGen      total 19456K, used 4666K [0x00000000eab00000, 0x00000000ec380000, 0x0000000100000000)
  eden space 13312K, 0% used [0x00000000eab00000,0x00000000eab00000,0x00000000eb800000)
  from space 6144K, 75% used [0x00000000eb800000,0x00000000ebc8e900,0x00000000ebe00000)
  to   space 5120K, 0% used [0x00000000ebe80000,0x00000000ebe80000,0x00000000ec380000)
 ParOldGen       total 141312K, used 128071K [0x00000000c0000000, 0x00000000c8a00000, 0x00000000eab00000)
  object space 141312K, 90% used [0x00000000c0000000,0x00000000c7d11c88,0x00000000c8a00000)
 Metaspace       used 105179K, committed 106560K, reserved 1179648K
  class space    used 9950K, committed 10496K, reserved 1048576K
}
Event: 40879.119 GC heap before
{Heap before GC invocations=12370 (full 697):
 PSYoungGen      total 19456K, used 17978K [0x00000000eab00000, 0x00000000ec380000, 0x0000000100000000)
  eden space 13312K, 100% used [0x00000000eab00000,0x00000000eb800000,0x00000000eb800000)
  from space 6144K, 75% used [0x00000000eb800000,0x00000000ebc8e900,0x00000000ebe00000)
  to   space 5120K, 0% used [0x00000000ebe80000,0x00000000ebe80000,0x00000000ec380000)
 ParOldGen       total 141312K, used 128071K [0x00000000c0000000, 0x00000000c8a00000, 0x00000000eab00000)
  object space 141312K, 90% used [0x00000000c0000000,0x00000000c7d11c88,0x00000000c8a00000)
 Metaspace       used 105179K, committed 106560K, reserved 1179648K
  class space    used 9950K, committed 10496K, reserved 1048576K
}
Event: 40879.125 GC heap after
{Heap after GC invocations=12370 (full 697):
 PSYoungGen      total 20480K, used 3632K [0x00000000eab00000, 0x00000000ec300000, 0x0000000100000000)
  eden space 15872K, 0% used [0x00000000eab00000,0x00000000eab00000,0x00000000eba80000)
  from space 4608K, 78% used [0x00000000ebe80000,0x00000000ec20c060,0x00000000ec300000)
  to   space 4096K, 0% used [0x00000000eba80000,0x00000000eba80000,0x00000000ebe80000)
 ParOldGen       total 141312K, used 132118K [0x00000000c0000000, 0x00000000c8a00000, 0x00000000eab00000)
  object space 141312K, 93% used [0x00000000c0000000,0x00000000c8105ab0,0x00000000c8a00000)
 Metaspace       used 105179K, committed 106560K, reserved 1179648K
  class space    used 9950K, committed 10496K, reserved 1048576K
}
Event: 40879.264 GC heap before
{Heap before GC invocations=12371 (full 697):
 PSYoungGen      total 20480K, used 18072K [0x00000000eab00000, 0x00000000ec300000, 0x0000000100000000)
  eden space 15872K, 90% used [0x00000000eab00000,0x00000000eb91a180,0x00000000eba80000)
  from space 4608K, 78% used [0x00000000ebe80000,0x00000000ec20c060,0x00000000ec300000)
  to   space 4096K, 0% used [0x00000000eba80000,0x00000000eba80000,0x00000000ebe80000)
 ParOldGen       total 141312K, used 132118K [0x00000000c0000000, 0x00000000c8a00000, 0x00000000eab00000)
  object space 141312K, 93% used [0x00000000c0000000,0x00000000c8105ab0,0x00000000c8a00000)
 Metaspace       used 105179K, committed 106560K, reserved 1179648K
  class space    used 9950K, committed 10496K, reserved 1048576K
}
Event: 40879.265 GC heap after
{Heap after GC invocations=12371 (full 697):
 PSYoungGen      total 19968K, used 775K [0x00000000eab00000, 0x00000000ec180000, 0x0000000100000000)
  eden space 15872K, 0% used [0x00000000eab00000,0x00000000eab00000,0x00000000eba80000)
  from space 4096K, 18% used [0x00000000eba80000,0x00000000ebb41ff8,0x00000000ebe80000)
  to   space 2048K, 0% used [0x00000000ebf80000,0x00000000ebf80000,0x00000000ec180000)
 ParOldGen       total 141312K, used 132230K [0x00000000c0000000, 0x00000000c8a00000, 0x00000000eab00000)
  object space 141312K, 93% used [0x00000000c0000000,0x00000000c8121ab0,0x00000000c8a00000)
 Metaspace       used 105179K, committed 106560K, reserved 1179648K
  class space    used 9950K, committed 10496K, reserved 1048576K
}
Event: 40879.810 GC heap before
{Heap before GC invocations=12372 (full 697):
 PSYoungGen      total 19968K, used 16639K [0x00000000eab00000, 0x00000000ec180000, 0x0000000100000000)
  eden space 15872K, 99% used [0x00000000eab00000,0x00000000eba7df80,0x00000000eba80000)
  from space 4096K, 18% used [0x00000000eba80000,0x00000000ebb41ff8,0x00000000ebe80000)
  to   space 2048K, 0% used [0x00000000ebf80000,0x00000000ebf80000,0x00000000ec180000)
 ParOldGen       total 141312K, used 132230K [0x00000000c0000000, 0x00000000c8a00000, 0x00000000eab00000)
  object space 141312K, 93% used [0x00000000c0000000,0x00000000c8121ab0,0x00000000c8a00000)
 Metaspace       used 105180K, committed 106560K, reserved 1179648K
  class space    used 9950K, committed 10496K, reserved 1048576K
}
Event: 40879.812 GC heap after
{Heap after GC invocations=12372 (full 697):
 PSYoungGen      total 19456K, used 320K [0x00000000eab00000, 0x00000000ec000000, 0x0000000100000000)
  eden space 18944K, 0% used [0x00000000eab00000,0x00000000eab00000,0x00000000ebd80000)
  from space 512K, 62% used [0x00000000ebf80000,0x00000000ebfd0000,0x00000000ec000000)
  to   space 1024K, 0% used [0x00000000ebe00000,0x00000000ebe00000,0x00000000ebf00000)
 ParOldGen       total 141312K, used 132493K [0x00000000c0000000, 0x00000000c8a00000, 0x00000000eab00000)
  object space 141312K, 93% used [0x00000000c0000000,0x00000000c81635d8,0x00000000c8a00000)
 Metaspace       used 105180K, committed 106560K, reserved 1179648K
  class space    used 9950K, committed 10496K, reserved 1048576K
}
Event: 40880.838 GC heap before
{Heap before GC invocations=12373 (full 697):
 PSYoungGen      total 19456K, used 19264K [0x00000000eab00000, 0x00000000ec000000, 0x0000000100000000)
  eden space 18944K, 100% used [0x00000000eab00000,0x00000000ebd80000,0x00000000ebd80000)
  from space 512K, 62% used [0x00000000ebf80000,0x00000000ebfd0000,0x00000000ec000000)
  to   space 1024K, 0% used [0x00000000ebe00000,0x00000000ebe00000,0x00000000ebf00000)
 ParOldGen       total 141312K, used 132493K [0x00000000c0000000, 0x00000000c8a00000, 0x00000000eab00000)
  object space 141312K, 93% used [0x00000000c0000000,0x00000000c81635d8,0x00000000c8a00000)
 Metaspace       used 105180K, committed 106560K, reserved 1179648K
  class space    used 9950K, committed 10496K, reserved 1048576K
}
Event: 40880.839 GC heap after
{Heap after GC invocations=12373 (full 697):
 PSYoungGen      total 19968K, used 1018K [0x00000000eab00000, 0x00000000ec180000, 0x0000000100000000)
  eden space 18944K, 0% used [0x00000000eab00000,0x00000000eab00000,0x00000000ebd80000)
  from space 1024K, 99% used [0x00000000ebe00000,0x00000000ebefe920,0x00000000ebf00000)
  to   space 2048K, 0% used [0x00000000ebf80000,0x00000000ebf80000,0x00000000ec180000)
 ParOldGen       total 141312K, used 132930K [0x00000000c0000000, 0x00000000c8a00000, 0x00000000eab00000)
  object space 141312K, 94% used [0x00000000c0000000,0x00000000c81d09a8,0x00000000c8a00000)
 Metaspace       used 105180K, committed 106560K, reserved 1179648K
  class space    used 9950K, committed 10496K, reserved 1048576K
}
Event: 40881.001 GC heap before
{Heap before GC invocations=12374 (full 697):
 PSYoungGen      total 19968K, used 19962K [0x00000000eab00000, 0x00000000ec180000, 0x0000000100000000)
  eden space 18944K, 100% used [0x00000000eab00000,0x00000000ebd80000,0x00000000ebd80000)
  from space 1024K, 99% used [0x00000000ebe00000,0x00000000ebefe920,0x00000000ebf00000)
  to   space 2048K, 0% used [0x00000000ebf80000,0x00000000ebf80000,0x00000000ec180000)
 ParOldGen       total 141312K, used 132930K [0x00000000c0000000, 0x00000000c8a00000, 0x00000000eab00000)
  object space 141312K, 94% used [0x00000000c0000000,0x00000000c81d09a8,0x00000000c8a00000)
 Metaspace       used 105180K, committed 106560K, reserved 1179648K
  class space    used 9950K, committed 10496K, reserved 1048576K
}
Event: 40881.003 GC heap after
{Heap after GC invocations=12374 (full 697):
 PSYoungGen      total 20992K, used 1886K [0x00000000eab00000, 0x00000000ec180000, 0x0000000100000000)
  eden space 18944K, 0% used [0x00000000eab00000,0x00000000eab00000,0x00000000ebd80000)
  from space 2048K, 92% used [0x00000000ebf80000,0x00000000ec157b30,0x00000000ec180000)
  to   space 2048K, 0% used [0x00000000ebd80000,0x00000000ebd80000,0x00000000ebf80000)
 ParOldGen       total 141312K, used 134006K [0x00000000c0000000, 0x00000000c8a00000, 0x00000000eab00000)
  object space 141312K, 94% used [0x00000000c0000000,0x00000000c82dd848,0x00000000c8a00000)
 Metaspace       used 105180K, committed 106560K, reserved 1179648K
  class space    used 9950K, committed 10496K, reserved 1048576K
}
Event: 40881.322 GC heap before
{Heap before GC invocations=12375 (full 697):
 PSYoungGen      total 20992K, used 20830K [0x00000000eab00000, 0x00000000ec180000, 0x0000000100000000)
  eden space 18944K, 100% used [0x00000000eab00000,0x00000000ebd80000,0x00000000ebd80000)
  from space 2048K, 92% used [0x00000000ebf80000,0x00000000ec157b30,0x00000000ec180000)
  to   space 2048K, 0% used [0x00000000ebd80000,0x00000000ebd80000,0x00000000ebf80000)
 ParOldGen       total 141312K, used 134006K [0x00000000c0000000, 0x00000000c8a00000, 0x00000000eab00000)
  object space 141312K, 94% used [0x00000000c0000000,0x00000000c82dd848,0x00000000c8a00000)
 Metaspace       used 105180K, committed 106560K, reserved 1179648K
  class space    used 9950K, committed 10496K, reserved 1048576K
}

